<?xml version="1.0" encoding="UTF-8"?>
<!-- Generated by org.testng.reporters.JUnitReportReporter -->
<testsuite hostname="DESKTOP-BT7KMFQ" failures="0" tests="1" name="com.bridgelab.selenium.Takes_Screenshot" time="10.114" errors="0" timestamp="2022-07-25T23:48:23 IST" skipped="0">
  <testcase classname="com.bridgelab.selenium.Takes_Screenshot" name="screenshot" time="10.114"/>
  <system-out/>
</testsuite> <!-- com.bridgelab.selenium.Takes_Screenshot -->
