<?xml version="1.0" encoding="UTF-8"?>
<!-- Generated by org.testng.reporters.JUnitReportReporter -->
<testsuite hostname="DESKTOP-BT7KMFQ" failures="0" tests="1" name="com.bridgelab.selenium.Web_Element_interface" time="15.970" errors="0" timestamp="2022-07-25T23:45:44 IST" skipped="0">
  <testcase classname="com.bridgelab.selenium.Web_Element_interface" name="VerifyUNtextboxisEnabledFB" time="15.970"/>
  <system-out/>
</testsuite> <!-- com.bridgelab.selenium.Web_Element_interface -->
