<?xml version="1.0" encoding="UTF-8"?>
<!-- Generated by org.testng.reporters.JUnitReportReporter -->
<testsuite hostname="DESKTOP-BT7KMFQ" failures="0" tests="1" name="com.bridgelab.selenium.LaunchBrowser" time="86.793" errors="0" timestamp="2022-07-18T14:09:31 IST" skipped="0">
  <testcase classname="com.bridgelab.selenium.LaunchBrowser" name="launch" time="86.793"/>
  <system-out/>
</testsuite> <!-- com.bridgelab.selenium.LaunchBrowser -->
