<?xml version="1.0" encoding="UTF-8"?>
<!-- Generated by org.testng.reporters.JUnitReportReporter -->
<testsuite hostname="DESKTOP-BT7KMFQ" failures="0" tests="1" name="com.bridgelab.selenium.Handle_Frame" time="15.533" errors="0" timestamp="2022-07-26T00:17:33 IST" skipped="0">
  <testcase classname="com.bridgelab.selenium.Handle_Frame" name="frames" time="15.533"/>
  <system-out/>
</testsuite> <!-- com.bridgelab.selenium.Handle_Frame -->
