<?xml version="1.0" encoding="UTF-8"?>
<!-- Generated by org.testng.reporters.JUnitReportReporter -->
<testsuite hostname="DESKTOP-BT7KMFQ" failures="0" tests="1" name="com.bridgelab.selenium.VisibleInvisible" time="8.812" errors="0" timestamp="2022-08-03T21:31:31 IST" skipped="0">
  <testcase classname="com.bridgelab.selenium.VisibleInvisible" name="visibleLink_invisibleLink" time="8.812"/>
  <system-out/>
</testsuite> <!-- com.bridgelab.selenium.VisibleInvisible -->
