<?xml version="1.0" encoding="UTF-8"?>
<!-- Generated by org.testng.reporters.JUnitReportReporter -->
<testsuite hostname="DESKTOP-BT7KMFQ" failures="0" tests="1" name="com.bridgelab.selenium.Java_Executor" time="69.850" errors="0" timestamp="2022-07-28T23:22:24 IST" skipped="0">
  <testcase classname="com.bridgelab.selenium.Java_Executor" name="scrollUpandDown" time="69.850"/>
  <system-out/>
</testsuite> <!-- com.bridgelab.selenium.Java_Executor -->
