<?xml version="1.0" encoding="UTF-8"?>
<!-- Generated by org.testng.reporters.JUnitReportReporter -->
<testsuite hostname="DESKTOP-BT7KMFQ" failures="0" tests="1" name="com.bridgelab.selenium.Fb_Hight_Widht" time="16.091" errors="0" timestamp="2022-07-26T00:20:44 IST" skipped="0">
  <testcase classname="com.bridgelab.selenium.Fb_Hight_Widht" name="unAndPwd_Hight_Width" time="16.091"/>
  <system-out/>
</testsuite> <!-- com.bridgelab.selenium.Fb_Hight_Widht -->
