<?xml version="1.0" encoding="UTF-8"?>
<!-- Generated by org.testng.reporters.JUnitReportReporter -->
<testsuite hostname="DESKTOP-BT7KMFQ" failures="0" tests="1" name="com.bridgelab.selenium.Facebook_Login" time="39.045" errors="0" timestamp="2022-07-18T10:33:55 IST" skipped="0">
  <testcase classname="com.bridgelab.selenium.Facebook_Login" name="signup" time="39.045"/>
  <system-out/>
</testsuite> <!-- com.bridgelab.selenium.Facebook_Login -->
