<?xml version="1.0" encoding="UTF-8"?>
<!-- Generated by org.testng.reporters.JUnitReportReporter -->
<testsuite hostname="DESKTOP-BT7KMFQ" failures="0" tests="1" name="com.bridgelab.selenium.Robot_Method" time="28.108" errors="0" timestamp="2022-07-20T23:39:20 IST" skipped="0">
  <testcase classname="com.bridgelab.selenium.Robot_Method" name="mouseAndKeyboard" time="28.108"/>
  <system-out/>
</testsuite> <!-- com.bridgelab.selenium.Robot_Method -->
