<?xml version="1.0" encoding="UTF-8"?>
<!-- Generated by org.testng.reporters.JUnitReportReporter -->
<testsuite hostname="DESKTOP-BT7KMFQ" failures="0" tests="1" name="com.bridgelab.selenium.Handling_Window" time="4.017" errors="0" timestamp="2022-08-03T22:19:52 IST" skipped="0">
  <testcase classname="com.bridgelab.selenium.Handling_Window" name="autosuggestionEx_GoogleSearch" time="4.017"/>
  <system-out/>
</testsuite> <!-- com.bridgelab.selenium.Handling_Window -->
