<?xml version="1.0" encoding="UTF-8"?>
<!-- Generated by org.testng.reporters.JUnitReportReporter -->
<testsuite hostname="DESKTOP-BT7KMFQ" failures="0" tests="1" name="com.bridgelab.selenium.GET_METHOD_DISPLAY" time="15.210" errors="0" timestamp="2022-07-23T00:01:24 IST" skipped="0">
  <testcase classname="com.bridgelab.selenium.GET_METHOD_DISPLAY" name="XCoordinate" time="15.210"/>
  <system-out/>
</testsuite> <!-- com.bridgelab.selenium.GET_METHOD_DISPLAY -->
