<?xml version="1.0" encoding="UTF-8"?>
<!-- Generated by org.testng.reporters.JUnitReportReporter -->
<testsuite hostname="DESKTOP-BT7KMFQ" failures="0" tests="1" name="com.bridgelab.selenium.Launch_Browser" time="21.721" errors="0" timestamp="2022-07-17T17:11:30 IST" skipped="0">
  <testcase classname="com.bridgelab.selenium.Launch_Browser" name="launch" time="21.721"/>
  <system-out/>
</testsuite> <!-- com.bridgelab.selenium.Launch_Browser -->
