<?xml version="1.0" encoding="UTF-8"?>
<!-- Generated by org.testng.reporters.JUnitReportReporter -->
<testsuite hostname="DESKTOP-BT7KMFQ" failures="0" tests="1" name="com.bridgelab.selenium.Expected_Page_Display" time="14.044" errors="0" timestamp="2022-07-22T00:23:14 IST" skipped="0">
  <testcase classname="com.bridgelab.selenium.Expected_Page_Display" name="expectedPage" time="14.044"/>
  <system-out/>
</testsuite> <!-- com.bridgelab.selenium.Expected_Page_Display -->
