<?xml version="1.0" encoding="UTF-8"?>
<!-- Generated by org.testng.reporters.JUnitReportReporter -->
<testsuite hostname="DESKTOP-BT7KMFQ" failures="0" tests="1" name="com.bridgelab.selenium.popup_code" time="9.050" errors="0" timestamp="2022-07-28T23:05:11 IST" skipped="0">
  <testcase classname="com.bridgelab.selenium.popup_code" name="conformationPopUp" time="9.050"/>
  <system-out/>
</testsuite> <!-- com.bridgelab.selenium.popup_code -->
