<?xml version="1.0" encoding="UTF-8"?>
<!-- Generated by org.testng.reporters.JUnitReportReporter -->
<testsuite hostname="DESKTOP-BT7KMFQ" failures="0" tests="1" name="com.bridgelab.selenium.Action_Method_CIS" time="13.810" errors="0" timestamp="2022-07-28T20:58:36 IST" skipped="0">
  <testcase classname="com.bridgelab.selenium.Action_Method_CIS" name="keys" time="13.810"/>
  <system-out/>
</testsuite> <!-- com.bridgelab.selenium.Action_Method_CIS -->
