<?xml version="1.0" encoding="UTF-8"?>
<!-- Generated by org.testng.reporters.JUnitReportReporter -->
<testsuite hostname="DESKTOP-BT7KMFQ" failures="0" tests="1" name="com.bridgelab.selenium.FB_Alignment" time="15.350" errors="0" timestamp="2022-07-26T00:34:56 IST" skipped="0">
  <testcase classname="com.bridgelab.selenium.FB_Alignment" name="XCoordinate" time="15.350"/>
  <system-out/>
</testsuite> <!-- com.bridgelab.selenium.FB_Alignment -->
