<?xml version="1.0" encoding="UTF-8"?>
<!-- Generated by org.testng.reporters.JUnitReportReporter -->
<testsuite hostname="DESKTOP-BT7KMFQ" failures="0" tests="1" name="com.bridgelab.selenium.Create_Xpath" time="15.244" errors="0" timestamp="2022-07-21T23:38:51 IST" skipped="0">
  <testcase classname="com.bridgelab.selenium.Create_Xpath" name="login" time="15.244"/>
  <system-out/>
</testsuite> <!-- com.bridgelab.selenium.Create_Xpath -->
