<?xml version="1.0" encoding="UTF-8"?>
<!-- Generated by org.testng.reporters.JUnitReportReporter -->
<testsuite hostname="DESKTOP-BT7KMFQ" failures="0" tests="1" name="com.bridgelab.selenium.Implicit_Explicit" time="65.111" errors="0" timestamp="2022-08-03T21:06:49 IST" skipped="0">
  <testcase classname="com.bridgelab.selenium.Implicit_Explicit" name="explicit" time="65.111"/>
  <system-out/>
</testsuite> <!-- com.bridgelab.selenium.Implicit_Explicit -->
