<?xml version="1.0" encoding="UTF-8"?>
<!-- Generated by org.testng.reporters.JUnitReportReporter -->
<testsuite hostname="DESKTOP-BT7KMFQ" failures="0" tests="1" name="com.bridgelab.selenium.CreateSignup_Xpath" time="36.804" errors="0" timestamp="2022-07-21T23:38:08 IST" skipped="0">
  <testcase classname="com.bridgelab.selenium.CreateSignup_Xpath" name="facebook_signup" time="36.804"/>
  <system-out/>
</testsuite> <!-- com.bridgelab.selenium.CreateSignup_Xpath -->
